<?xml version="1.0" encoding="UTF-8"?>
<!-- Generated by org.testng.reporters.JUnitReportReporter -->
<testsuite hostname="LAPTOP-1S7KVVBR" failures="0" tests="1" name="Tests.Testcase" time="8.023" errors="0" timestamp="2025-03-13T13:46:50 IST" skipped="0">
  <testcase classname="Tests.Testcase" name="testFlightBooking" time="8.023"/>
</testsuite> <!-- Tests.Testcase -->
